[2026-03-15 02:04:22] run started | seeds=[42, 2026] B=500 M_grid=[50, 100, 300, 500, 1000, 2000]
[2026-03-15 02:04:22] seed 42 started | jobs=10
[2026-03-15 02:04:22]   [42] sparse_lasso started
[2026-03-15 02:04:22]   [42] sparse_lasso/type1_M_50 start
[2026-03-15 02:05:37]   [42] sparse_lasso/type1_M_50 done | 74.50s val=0.0800  [1/112]
[2026-03-15 02:05:37]   [42] sparse_lasso/type1_M_100 start
[2026-03-15 02:08:08]   [42] sparse_lasso/type1_M_100 done | 151.54s val=0.0500  [2/112]
[2026-03-15 02:08:08]   [42] sparse_lasso/type1_M_300 start
[2026-03-15 02:15:51]   [42] sparse_lasso/type1_M_300 done | 462.93s val=0.0600  [3/112]
[2026-03-15 02:15:51]   [42] sparse_lasso/type1_M_500 start
[2026-03-15 02:28:11]   [42] sparse_lasso/type1_M_500 done | 740.36s val=0.0540  [4/112]
[2026-03-15 02:28:11]   [42] sparse_lasso/type1_M_1000 start
[2026-03-15 02:51:02]   [42] sparse_lasso/type1_M_1000 done | 1370.30s val=0.0330  [5/112]
[2026-03-15 02:51:02]   [42] sparse_lasso/type1_M_2000 start
[2026-03-15 03:37:08]   [42] sparse_lasso/type1_M_2000 done | 2766.18s val=0.0500  [6/112]
[2026-03-15 03:37:08]   [42] sparse_lasso/power_delta_0.10 start
[2026-03-15 03:49:51]   [42] sparse_lasso/power_delta_0.10 done | 763.37s val=0.0480  [7/112]
[2026-03-15 03:49:51]   [42] sparse_lasso/power_delta_0.20 start
[2026-03-15 04:02:12]   [42] sparse_lasso/power_delta_0.20 done | 740.79s val=0.0680  [8/112]
[2026-03-15 04:02:12]   [42] sparse_lasso/power_delta_0.30 start
[2026-03-15 04:14:37]   [42] sparse_lasso/power_delta_0.30 done | 744.54s val=0.0680  [9/112]
[2026-03-15 04:14:37]   [42] sparse_lasso/power_delta_0.40 start
[2026-03-15 04:26:58]   [42] sparse_lasso/power_delta_0.40 done | 741.14s val=0.0740  [10/112]
[2026-03-15 04:26:58]   [42] sparse_lasso/power_delta_0.50 start
[2026-03-15 04:39:20]   [42] sparse_lasso/power_delta_0.50 done | 742.03s val=0.1220  [11/112]
[2026-03-15 04:39:20]   [42] sparse_lasso/power_delta_0.60 start
[2026-03-15 04:52:11]   [42] sparse_lasso/power_delta_0.60 done | 770.95s val=0.1680  [12/112]
[2026-03-15 04:52:11]   [42] sparse_lasso/power_delta_0.75 start
[2026-03-15 05:04:32]   [42] sparse_lasso/power_delta_0.75 done | 741.55s val=0.2620  [13/112]
[2026-03-15 05:04:32]   [42] sparse_lasso/power_delta_1.00 start
[2026-03-15 05:17:08]   [42] sparse_lasso/power_delta_1.00 done | 756.21s val=0.5060  [14/112]
[2026-03-15 05:17:08]   [42] sparse_lasso done | 11566.41s
[2026-03-15 05:17:08]   [42] lowrank_rrr started
[2026-03-15 05:17:08]   [42] lowrank_rrr/type1_M_50 start
[2026-03-15 05:17:25]   [42] lowrank_rrr/type1_M_50 done | 16.54s val=0.0800  [15/112]
[2026-03-15 05:17:25]   [42] lowrank_rrr/type1_M_100 start
[2026-03-15 05:17:56]   [42] lowrank_rrr/type1_M_100 done | 31.07s val=0.0800  [16/112]
[2026-03-15 05:17:56]   [42] lowrank_rrr/type1_M_300 start
[2026-03-15 05:19:34]   [42] lowrank_rrr/type1_M_300 done | 98.34s val=0.0900  [17/112]
[2026-03-15 05:19:34]   [42] lowrank_rrr/type1_M_500 start
[2026-03-15 05:22:21]   [42] lowrank_rrr/type1_M_500 done | 166.35s val=0.0660  [18/112]
[2026-03-15 05:22:21]   [42] lowrank_rrr/type1_M_1000 start
[2026-03-15 05:27:16]   [42] lowrank_rrr/type1_M_1000 done | 295.46s val=0.0600  [19/112]
[2026-03-15 05:27:16]   [42] lowrank_rrr/type1_M_2000 start
[2026-03-15 05:37:06]   [42] lowrank_rrr/type1_M_2000 done | 590.17s val=0.0640  [20/112]
[2026-03-15 05:37:06]   [42] lowrank_rrr/power_delta_0.10 start
[2026-03-15 05:39:53]   [42] lowrank_rrr/power_delta_0.10 done | 166.32s val=0.0720  [21/112]
[2026-03-15 05:39:53]   [42] lowrank_rrr/power_delta_0.20 start
[2026-03-15 05:42:40]   [42] lowrank_rrr/power_delta_0.20 done | 166.87s val=0.1160  [22/112]
[2026-03-15 05:42:40]   [42] lowrank_rrr/power_delta_0.30 start
[2026-03-15 05:45:37]   [42] lowrank_rrr/power_delta_0.30 done | 177.87s val=0.1200  [23/112]
[2026-03-15 05:45:37]   [42] lowrank_rrr/power_delta_0.40 start
[2026-03-15 05:48:24]   [42] lowrank_rrr/power_delta_0.40 done | 166.28s val=0.2260  [24/112]
[2026-03-15 05:48:24]   [42] lowrank_rrr/power_delta_0.50 start
[2026-03-15 05:51:10]   [42] lowrank_rrr/power_delta_0.50 done | 165.85s val=0.3260  [25/112]
[2026-03-15 05:51:10]   [42] lowrank_rrr/power_delta_0.60 start
[2026-03-15 05:53:56]   [42] lowrank_rrr/power_delta_0.60 done | 166.27s val=0.4660  [26/112]
[2026-03-15 05:53:56]   [42] lowrank_rrr/power_delta_0.75 start
[2026-03-15 05:56:42]   [42] lowrank_rrr/power_delta_0.75 done | 166.20s val=0.7460  [27/112]
[2026-03-15 05:56:42]   [42] lowrank_rrr/power_delta_1.00 start
[2026-03-15 05:59:28]   [42] lowrank_rrr/power_delta_1.00 done | 165.96s val=0.9600  [28/112]
[2026-03-15 05:59:28]   [42] lowrank_rrr done | 2539.59s
[2026-03-15 05:59:28]   [42] baseline_ols_f started
[2026-03-15 05:59:28]   [42] baseline_ols_f/type1_M_50 start
[2026-03-15 05:59:30]   [42] baseline_ols_f/type1_M_50 done | 1.71s val=0.0600  [29/112]
[2026-03-15 05:59:30]   [42] baseline_ols_f/type1_M_100 start
[2026-03-15 05:59:31]   [42] baseline_ols_f/type1_M_100 done | 1.61s val=0.0100  [30/112]
[2026-03-15 05:59:31]   [42] baseline_ols_f/type1_M_300 start
[2026-03-15 05:59:33]   [42] baseline_ols_f/type1_M_300 done | 1.67s val=0.0700  [31/112]
[2026-03-15 05:59:33]   [42] baseline_ols_f/type1_M_500 start
[2026-03-15 05:59:35]   [42] baseline_ols_f/type1_M_500 done | 1.72s val=0.0380  [32/112]
[2026-03-15 05:59:35]   [42] baseline_ols_f/type1_M_1000 start
[2026-03-15 05:59:37]   [42] baseline_ols_f/type1_M_1000 done | 1.87s val=0.0500  [33/112]
[2026-03-15 05:59:37]   [42] baseline_ols_f/type1_M_2000 start
[2026-03-15 05:59:39]   [42] baseline_ols_f/type1_M_2000 done | 2.18s val=0.0395  [34/112]
[2026-03-15 05:59:39]   [42] baseline_ols_f/power_delta_0.10 start
[2026-03-15 05:59:40]   [42] baseline_ols_f/power_delta_0.10 done | 1.71s val=0.0660  [35/112]
[2026-03-15 05:59:40]   [42] baseline_ols_f/power_delta_0.20 start
[2026-03-15 05:59:42]   [42] baseline_ols_f/power_delta_0.20 done | 1.84s val=0.1480  [36/112]
[2026-03-15 05:59:42]   [42] baseline_ols_f/power_delta_0.30 start
[2026-03-15 05:59:44]   [42] baseline_ols_f/power_delta_0.30 done | 1.70s val=0.3560  [37/112]
[2026-03-15 05:59:44]   [42] baseline_ols_f/power_delta_0.40 start
[2026-03-15 05:59:46]   [42] baseline_ols_f/power_delta_0.40 done | 1.70s val=0.7280  [38/112]
[2026-03-15 05:59:46]   [42] baseline_ols_f/power_delta_0.50 start
[2026-03-15 05:59:47]   [42] baseline_ols_f/power_delta_0.50 done | 1.71s val=0.9320  [39/112]
[2026-03-15 05:59:47]   [42] baseline_ols_f/power_delta_0.60 start
[2026-03-15 05:59:49]   [42] baseline_ols_f/power_delta_0.60 done | 1.69s val=0.9960  [40/112]
[2026-03-15 05:59:49]   [42] baseline_ols_f/power_delta_0.75 start
[2026-03-15 05:59:51]   [42] baseline_ols_f/power_delta_0.75 done | 1.69s val=1.0000  [41/112]
[2026-03-15 05:59:51]   [42] baseline_ols_f/power_delta_1.00 start
[2026-03-15 05:59:53]   [42] baseline_ols_f/power_delta_1.00 done | 1.76s val=1.0000  [42/112]
[2026-03-15 05:59:53]   [42] baseline_ols_f done | 24.58s
[2026-03-15 05:59:53]   [42] baseline_ols started
[2026-03-15 05:59:53]   [42] baseline_ols/type1_M_50 start
[2026-03-15 06:00:00]   [42] baseline_ols/type1_M_50 done | 7.64s val=0.0600  [43/112]
[2026-03-15 06:00:00]   [42] baseline_ols/type1_M_100 start
[2026-03-15 06:00:14]   [42] baseline_ols/type1_M_100 done | 13.64s val=0.0800  [44/112]
[2026-03-15 06:00:14]   [42] baseline_ols/type1_M_300 start
[2026-03-15 06:00:54]   [42] baseline_ols/type1_M_300 done | 40.39s val=0.0367  [45/112]
[2026-03-15 06:00:54]   [42] baseline_ols/type1_M_500 start
[2026-03-15 06:02:02]   [42] baseline_ols/type1_M_500 done | 67.25s val=0.0520  [46/112]
[2026-03-15 06:02:02]   [42] baseline_ols/type1_M_1000 start
[2026-03-15 06:04:03]   [42] baseline_ols/type1_M_1000 done | 121.23s val=0.0570  [47/112]
[2026-03-15 06:04:03]   [42] baseline_ols/type1_M_2000 start
[2026-03-15 06:08:03]   [42] baseline_ols/type1_M_2000 done | 239.96s val=0.0450  [48/112]
[2026-03-15 06:08:03]   [42] baseline_ols/power_delta_0.10 start
[2026-03-15 06:09:10]   [42] baseline_ols/power_delta_0.10 done | 67.17s val=0.0600  [49/112]
[2026-03-15 06:09:10]   [42] baseline_ols/power_delta_0.20 start
[2026-03-15 06:10:17]   [42] baseline_ols/power_delta_0.20 done | 67.31s val=0.1320  [50/112]
[2026-03-15 06:10:17]   [42] baseline_ols/power_delta_0.30 start
[2026-03-15 06:11:25]   [42] baseline_ols/power_delta_0.30 done | 67.70s val=0.2900  [51/112]
[2026-03-15 06:11:25]   [42] baseline_ols/power_delta_0.40 start
[2026-03-15 06:12:34]   [42] baseline_ols/power_delta_0.40 done | 69.35s val=0.6040  [52/112]
[2026-03-15 06:12:34]   [42] baseline_ols/power_delta_0.50 start
[2026-03-15 06:13:51]   [42] baseline_ols/power_delta_0.50 done | 76.38s val=0.8860  [53/112]
[2026-03-15 06:13:51]   [42] baseline_ols/power_delta_0.60 start
[2026-03-15 06:14:58]   [42] baseline_ols/power_delta_0.60 done | 67.62s val=0.9920  [54/112]
[2026-03-15 06:14:58]   [42] baseline_ols/power_delta_0.75 start
[2026-03-15 06:16:05]   [42] baseline_ols/power_delta_0.75 done | 67.05s val=1.0000  [55/112]
[2026-03-15 06:16:05]   [42] baseline_ols/power_delta_1.00 start
[2026-03-15 06:17:13]   [42] baseline_ols/power_delta_1.00 done | 67.45s val=0.9960  [56/112]
[2026-03-15 06:17:13]   [42] baseline_ols done | 1040.16s
[2026-03-15 06:17:13] seed 42 done | 15170.75s
[2026-03-15 06:17:13] seed 2026 started | jobs=10
[2026-03-15 06:17:13]   [2026] sparse_lasso started
[2026-03-15 06:17:13]   [2026] sparse_lasso/type1_M_50 start
[2026-03-15 06:18:22]   [2026] sparse_lasso/type1_M_50 done | 68.86s val=0.0400  [57/112]
[2026-03-15 06:18:22]   [2026] sparse_lasso/type1_M_100 start
[2026-03-15 06:20:38]   [2026] sparse_lasso/type1_M_100 done | 136.07s val=0.0600  [58/112]
[2026-03-15 06:20:38]   [2026] sparse_lasso/type1_M_300 start
[2026-03-15 06:27:54]   [2026] sparse_lasso/type1_M_300 done | 436.29s val=0.0633  [59/112]
[2026-03-15 06:27:54]   [2026] sparse_lasso/type1_M_500 start
[2026-03-15 06:40:46]   [2026] sparse_lasso/type1_M_500 done | 771.82s val=0.0420  [60/112]
[2026-03-15 06:40:46]   [2026] sparse_lasso/type1_M_1000 start
[2026-03-15 07:03:06]   [2026] sparse_lasso/type1_M_1000 done | 1340.20s val=0.0520  [61/112]
[2026-03-15 07:03:06]   [2026] sparse_lasso/type1_M_2000 start
[2026-03-15 07:50:03]   [2026] sparse_lasso/type1_M_2000 done | 2817.38s val=0.0515  [62/112]
[2026-03-15 07:50:03]   [2026] sparse_lasso/power_delta_0.10 start
[2026-03-15 08:02:28]   [2026] sparse_lasso/power_delta_0.10 done | 744.11s val=0.0340  [63/112]
[2026-03-15 08:02:28]   [2026] sparse_lasso/power_delta_0.20 start
[2026-03-15 08:14:59]   [2026] sparse_lasso/power_delta_0.20 done | 751.69s val=0.0480  [64/112]
[2026-03-15 08:14:59]   [2026] sparse_lasso/power_delta_0.30 start
[2026-03-15 08:27:26]   [2026] sparse_lasso/power_delta_0.30 done | 746.94s val=0.0640  [65/112]
[2026-03-15 08:27:26]   [2026] sparse_lasso/power_delta_0.40 start
[2026-03-15 08:39:48]   [2026] sparse_lasso/power_delta_0.40 done | 741.57s val=0.1060  [66/112]
[2026-03-15 08:39:48]   [2026] sparse_lasso/power_delta_0.50 start
[2026-03-15 08:52:43]   [2026] sparse_lasso/power_delta_0.50 done | 775.76s val=0.1040  [67/112]
[2026-03-15 08:52:43]   [2026] sparse_lasso/power_delta_0.60 start
[2026-03-15 09:05:07]   [2026] sparse_lasso/power_delta_0.60 done | 743.07s val=0.1460  [68/112]
[2026-03-15 09:05:07]   [2026] sparse_lasso/power_delta_0.75 start
[2026-03-15 09:17:56]   [2026] sparse_lasso/power_delta_0.75 done | 769.89s val=0.2680  [69/112]
[2026-03-15 09:17:56]   [2026] sparse_lasso/power_delta_1.00 start
[2026-03-15 09:30:23]   [2026] sparse_lasso/power_delta_1.00 done | 746.48s val=0.5700  [70/112]
[2026-03-15 09:30:23]   [2026] sparse_lasso done | 11590.16s
[2026-03-15 09:30:23]   [2026] lowrank_rrr started
[2026-03-15 09:30:23]   [2026] lowrank_rrr/type1_M_50 start
[2026-03-15 09:30:39]   [2026] lowrank_rrr/type1_M_50 done | 16.39s val=0.0600  [71/112]
[2026-03-15 09:30:39]   [2026] lowrank_rrr/type1_M_100 start
[2026-03-15 09:31:10]   [2026] lowrank_rrr/type1_M_100 done | 30.99s val=0.0600  [72/112]
[2026-03-15 09:31:10]   [2026] lowrank_rrr/type1_M_300 start
[2026-03-15 09:32:48]   [2026] lowrank_rrr/type1_M_300 done | 97.43s val=0.0800  [73/112]
[2026-03-15 09:32:48]   [2026] lowrank_rrr/type1_M_500 start
[2026-03-15 09:35:33]   [2026] lowrank_rrr/type1_M_500 done | 165.40s val=0.0840  [74/112]
[2026-03-15 09:35:33]   [2026] lowrank_rrr/type1_M_1000 start
[2026-03-15 09:40:28]   [2026] lowrank_rrr/type1_M_1000 done | 295.30s val=0.0560  [75/112]
[2026-03-15 09:40:28]   [2026] lowrank_rrr/type1_M_2000 start
[2026-03-15 09:51:14]   [2026] lowrank_rrr/type1_M_2000 done | 645.69s val=0.0605  [76/112]
[2026-03-15 09:51:14]   [2026] lowrank_rrr/power_delta_0.10 start
[2026-03-15 09:54:00]   [2026] lowrank_rrr/power_delta_0.10 done | 165.95s val=0.0600  [77/112]
[2026-03-15 09:54:00]   [2026] lowrank_rrr/power_delta_0.20 start
[2026-03-15 09:56:46]   [2026] lowrank_rrr/power_delta_0.20 done | 165.76s val=0.0920  [78/112]
[2026-03-15 09:56:46]   [2026] lowrank_rrr/power_delta_0.30 start
[2026-03-15 09:59:32]   [2026] lowrank_rrr/power_delta_0.30 done | 165.96s val=0.1280  [79/112]
[2026-03-15 09:59:32]   [2026] lowrank_rrr/power_delta_0.40 start
[2026-03-15 10:02:17]   [2026] lowrank_rrr/power_delta_0.40 done | 165.57s val=0.2220  [80/112]
[2026-03-15 10:02:17]   [2026] lowrank_rrr/power_delta_0.50 start
[2026-03-15 10:05:03]   [2026] lowrank_rrr/power_delta_0.50 done | 165.98s val=0.3040  [81/112]
[2026-03-15 10:05:03]   [2026] lowrank_rrr/power_delta_0.60 start
[2026-03-15 10:07:49]   [2026] lowrank_rrr/power_delta_0.60 done | 165.70s val=0.4880  [82/112]
[2026-03-15 10:07:49]   [2026] lowrank_rrr/power_delta_0.75 start
[2026-03-15 10:10:35]   [2026] lowrank_rrr/power_delta_0.75 done | 165.49s val=0.7540  [83/112]
[2026-03-15 10:10:35]   [2026] lowrank_rrr/power_delta_1.00 start
[2026-03-15 10:13:32]   [2026] lowrank_rrr/power_delta_1.00 done | 177.86s val=0.9880  [84/112]
[2026-03-15 10:13:32]   [2026] lowrank_rrr done | 2589.51s
[2026-03-15 10:13:32]   [2026] baseline_ols_f started
[2026-03-15 10:13:32]   [2026] baseline_ols_f/type1_M_50 start
[2026-03-15 10:13:34]   [2026] baseline_ols_f/type1_M_50 done | 1.74s val=0.0600  [85/112]
[2026-03-15 10:13:34]   [2026] baseline_ols_f/type1_M_100 start
[2026-03-15 10:13:36]   [2026] baseline_ols_f/type1_M_100 done | 1.58s val=0.0300  [86/112]
[2026-03-15 10:13:36]   [2026] baseline_ols_f/type1_M_300 start
[2026-03-15 10:13:37]   [2026] baseline_ols_f/type1_M_300 done | 1.61s val=0.0433  [87/112]
[2026-03-15 10:13:37]   [2026] baseline_ols_f/type1_M_500 start
[2026-03-15 10:13:39]   [2026] baseline_ols_f/type1_M_500 done | 1.68s val=0.0440  [88/112]
[2026-03-15 10:13:39]   [2026] baseline_ols_f/type1_M_1000 start
[2026-03-15 10:13:41]   [2026] baseline_ols_f/type1_M_1000 done | 1.80s val=0.0480  [89/112]
[2026-03-15 10:13:41]   [2026] baseline_ols_f/type1_M_2000 start
[2026-03-15 10:13:43]   [2026] baseline_ols_f/type1_M_2000 done | 2.14s val=0.0430  [90/112]
[2026-03-15 10:13:43]   [2026] baseline_ols_f/power_delta_0.10 start
[2026-03-15 10:13:45]   [2026] baseline_ols_f/power_delta_0.10 done | 1.66s val=0.0700  [91/112]
[2026-03-15 10:13:45]   [2026] baseline_ols_f/power_delta_0.20 start
[2026-03-15 10:13:46]   [2026] baseline_ols_f/power_delta_0.20 done | 1.64s val=0.2520  [92/112]
[2026-03-15 10:13:46]   [2026] baseline_ols_f/power_delta_0.30 start
[2026-03-15 10:13:48]   [2026] baseline_ols_f/power_delta_0.30 done | 1.66s val=0.4220  [93/112]
[2026-03-15 10:13:48]   [2026] baseline_ols_f/power_delta_0.40 start
[2026-03-15 10:13:50]   [2026] baseline_ols_f/power_delta_0.40 done | 1.67s val=0.5420  [94/112]
[2026-03-15 10:13:50]   [2026] baseline_ols_f/power_delta_0.50 start
[2026-03-15 10:13:51]   [2026] baseline_ols_f/power_delta_0.50 done | 1.66s val=0.6160  [95/112]
[2026-03-15 10:13:51]   [2026] baseline_ols_f/power_delta_0.60 start
[2026-03-15 10:13:53]   [2026] baseline_ols_f/power_delta_0.60 done | 1.65s val=0.5560  [96/112]
[2026-03-15 10:13:53]   [2026] baseline_ols_f/power_delta_0.75 start
[2026-03-15 10:13:55]   [2026] baseline_ols_f/power_delta_0.75 done | 1.68s val=0.5600  [97/112]
[2026-03-15 10:13:55]   [2026] baseline_ols_f/power_delta_1.00 start
[2026-03-15 10:13:56]   [2026] baseline_ols_f/power_delta_1.00 done | 1.64s val=0.5160  [98/112]
[2026-03-15 10:13:56]   [2026] baseline_ols_f done | 23.84s
[2026-03-15 10:13:56]   [2026] baseline_ols started
[2026-03-15 10:13:56]   [2026] baseline_ols/type1_M_50 start
[2026-03-15 10:14:04]   [2026] baseline_ols/type1_M_50 done | 7.62s val=0.0400  [99/112]
[2026-03-15 10:14:04]   [2026] baseline_ols/type1_M_100 start
[2026-03-15 10:14:17]   [2026] baseline_ols/type1_M_100 done | 13.51s val=0.0300  [100/112]
[2026-03-15 10:14:17]   [2026] baseline_ols/type1_M_300 start
[2026-03-15 10:14:58]   [2026] baseline_ols/type1_M_300 done | 40.33s val=0.0533  [101/112]
[2026-03-15 10:14:58]   [2026] baseline_ols/type1_M_500 start
[2026-03-15 10:16:05]   [2026] baseline_ols/type1_M_500 done | 67.31s val=0.0480  [102/112]
[2026-03-15 10:16:05]   [2026] baseline_ols/type1_M_1000 start
[2026-03-15 10:18:06]   [2026] baseline_ols/type1_M_1000 done | 121.34s val=0.0500  [103/112]
[2026-03-15 10:18:06]   [2026] baseline_ols/type1_M_2000 start
[2026-03-15 10:22:06]   [2026] baseline_ols/type1_M_2000 done | 239.88s val=0.0465  [104/112]
[2026-03-15 10:22:06]   [2026] baseline_ols/power_delta_0.10 start
[2026-03-15 10:23:13]   [2026] baseline_ols/power_delta_0.10 done | 67.17s val=0.0660  [105/112]
[2026-03-15 10:23:13]   [2026] baseline_ols/power_delta_0.20 start
[2026-03-15 10:24:21]   [2026] baseline_ols/power_delta_0.20 done | 67.51s val=0.2160  [106/112]
[2026-03-15 10:24:21]   [2026] baseline_ols/power_delta_0.30 start
[2026-03-15 10:25:29]   [2026] baseline_ols/power_delta_0.30 done | 67.56s val=0.3640  [107/112]
[2026-03-15 10:25:29]   [2026] baseline_ols/power_delta_0.40 start
[2026-03-15 10:26:36]   [2026] baseline_ols/power_delta_0.40 done | 67.60s val=0.4660  [108/112]
[2026-03-15 10:26:36]   [2026] baseline_ols/power_delta_0.50 start
[2026-03-15 10:27:43]   [2026] baseline_ols/power_delta_0.50 done | 67.16s val=0.4920  [109/112]
[2026-03-15 10:27:43]   [2026] baseline_ols/power_delta_0.60 start
[2026-03-15 10:28:50]   [2026] baseline_ols/power_delta_0.60 done | 66.88s val=0.4360  [110/112]
[2026-03-15 10:28:50]   [2026] baseline_ols/power_delta_0.75 start
[2026-03-15 10:29:58]   [2026] baseline_ols/power_delta_0.75 done | 67.60s val=0.4660  [111/112]
[2026-03-15 10:29:58]   [2026] baseline_ols/power_delta_1.00 start
[2026-03-15 10:31:05]   [2026] baseline_ols/power_delta_1.00 done | 67.36s val=0.4620  [112/112]
[2026-03-15 10:31:05]   [2026] baseline_ols done | 1028.85s
[2026-03-15 10:31:05] seed 2026 done | 15232.37s
[2026-03-15 10:31:05] run finished | runtime=30403.12s
