Running 3 seeds with seed_workers=2...
[Seed 42] submitted.
[Seed 2026] submitted.
[Progress 1/12] [Seed 42] completed baseline p-value comparison
[Progress 2/12] [Seed 2026] completed baseline p-value comparison
[Progress 3/12] [Seed 42] completed baseline size + power sweep
[Progress 4/12] [Seed 2026] completed baseline size + power sweep
[Progress 5/12] [Seed 42] completed sparse_lasso size + power sweep
[Progress 6/12] [Seed 2026] completed sparse_lasso size + power sweep
[Progress 7/12] [Seed 42] completed lowrank_svd size + power sweep
[Seed 42] done. [Seed progress 4/4, Total seed progress 1/3]
[Seed 7] submitted.
[Progress 8/12] [Seed 7] completed baseline p-value comparison
[Progress 9/12] [Seed 7] completed baseline size + power sweep
[Progress 10/12] [Seed 2026] completed lowrank_svd size + power sweep
[Seed 2026] done. [Seed progress 4/4, Total seed progress 2/3]
[Progress 11/12] [Seed 7] completed sparse_lasso size + power sweep
[Progress 12/12] [Seed 7] completed lowrank_svd size + power sweep
[Seed 7] done. [Seed progress 4/4, Total seed progress 3/3]
Experiment completed.
Run directory: results/next_stage_runs/2026-03-07_152751_medium_scale_newplan_v1
Progress log: results/next_stage_runs/2026-03-07_152751_medium_scale_newplan_v1/progress.log
Outputs:
- results/next_stage_runs/2026-03-07_152751_medium_scale_newplan_v1/next_stage_summary_2026-03-07_152751_medium_scale_newplan_v1.json
- results/next_stage_runs/2026-03-07_152751_medium_scale_newplan_v1/下一阶段大规模试验报告_2026-03-07_152751_medium_scale_newplan_v1.md
- results/next_stage_runs/2026-03-07_152751_medium_scale_newplan_v1/next_stage_baseline_raw_2026-03-07_152751_medium_scale_newplan_v1.csv
- results/next_stage_runs/2026-03-07_152751_medium_scale_newplan_v1/next_stage_baseline_agg_2026-03-07_152751_medium_scale_newplan_v1.csv
- results/next_stage_runs/2026-03-07_152751_medium_scale_newplan_v1/next_stage_size_raw_2026-03-07_152751_medium_scale_newplan_v1.csv
- results/next_stage_runs/2026-03-07_152751_medium_scale_newplan_v1/next_stage_size_agg_2026-03-07_152751_medium_scale_newplan_v1.csv
- results/next_stage_runs/2026-03-07_152751_medium_scale_newplan_v1/next_stage_power_raw_2026-03-07_152751_medium_scale_newplan_v1.csv
- results/next_stage_runs/2026-03-07_152751_medium_scale_newplan_v1/next_stage_power_agg_2026-03-07_152751_medium_scale_newplan_v1.csv
- results/next_stage_runs/2026-03-07_152751_medium_scale_newplan_v1/next_stage_baseline_pvalues_vs_B_2026-03-07_152751_medium_scale_newplan_v1.png
- results/next_stage_runs/2026-03-07_152751_medium_scale_newplan_v1/next_stage_model_size_vs_M_2026-03-07_152751_medium_scale_newplan_v1.png
- results/next_stage_runs/2026-03-07_152751_medium_scale_newplan_v1/next_stage_model_power_vs_change_2026-03-07_152751_medium_scale_newplan_v1.png
