[2026-03-10 18:03:50] | event=run | status=started | progress=0/12 | B=5 | M=5 | T=500 | alpha=0.05 | deltas=[0.2, 0.5] | jobs=2 | models=['ols_n10', 'ols_n20', 'lasso_n20', 'svd_n20'] | p=1 | seeds=[42]
[2026-03-10 18:03:50] | event=seed | status=started | progress=0/12 | seed=42 | jobs=2
[2026-03-10 18:03:50] | event=model | status=started | progress=0/12 | seed=42 | model=ols_n10 | jobs=2
[2026-03-10 18:03:50] | event=stage | status=started | progress=0/12 | seed=42 | model=ols_n10 | stage=type1_M_5 | M=5 | task=type1_error
[2026-03-10 18:03:50] | event=stage | status=completed | progress=1/12 | seed=42 | model=ols_n10 | stage=type1_M_5 | runtime_sec=0.84 | M=5 | metric_value=0.2 | task=type1_error
[2026-03-10 18:03:50] | event=stage | status=started | progress=1/12 | seed=42 | model=ols_n10 | stage=power_delta_0.20 | M=5 | base_delta=0.2 | target_fro=0.2 | task=power
[2026-03-10 18:03:51] | event=stage | status=completed | progress=2/12 | seed=42 | model=ols_n10 | stage=power_delta_0.20 | runtime_sec=0.06 | M=5 | base_delta=0.2 | metric_value=0.4 | task=power
[2026-03-10 18:03:51] | event=stage | status=started | progress=2/12 | seed=42 | model=ols_n10 | stage=power_delta_0.50 | M=5 | base_delta=0.5 | target_fro=0.5 | task=power
[2026-03-10 18:03:51] | event=stage | status=completed | progress=3/12 | seed=42 | model=ols_n10 | stage=power_delta_0.50 | runtime_sec=0.06 | M=5 | base_delta=0.5 | metric_value=0.8 | task=power
[2026-03-10 18:03:51] | event=model | status=completed | progress=3/12 | seed=42 | model=ols_n10 | runtime_sec=0.96
[2026-03-10 18:03:51] | event=model | status=started | progress=3/12 | seed=42 | model=ols_n20 | jobs=2
[2026-03-10 18:03:51] | event=stage | status=started | progress=3/12 | seed=42 | model=ols_n20 | stage=type1_M_5 | M=5 | task=type1_error
[2026-03-10 18:03:52] | event=stage | status=completed | progress=4/12 | seed=42 | model=ols_n20 | stage=type1_M_5 | runtime_sec=1.19 | M=5 | metric_value=0.0 | task=type1_error
[2026-03-10 18:03:52] | event=stage | status=started | progress=4/12 | seed=42 | model=ols_n20 | stage=power_delta_0.20 | M=5 | base_delta=0.2 | target_fro=0.2 | task=power
[2026-03-10 18:03:53] | event=stage | status=completed | progress=5/12 | seed=42 | model=ols_n20 | stage=power_delta_0.20 | runtime_sec=0.94 | M=5 | base_delta=0.2 | metric_value=0.0 | task=power
[2026-03-10 18:03:53] | event=stage | status=started | progress=5/12 | seed=42 | model=ols_n20 | stage=power_delta_0.50 | M=5 | base_delta=0.5 | target_fro=0.5 | task=power
[2026-03-10 18:03:53] | event=stage | status=completed | progress=6/12 | seed=42 | model=ols_n20 | stage=power_delta_0.50 | runtime_sec=0.58 | M=5 | base_delta=0.5 | metric_value=0.4 | task=power
[2026-03-10 18:03:53] | event=model | status=completed | progress=6/12 | seed=42 | model=ols_n20 | runtime_sec=2.72
[2026-03-10 18:03:53] | event=model | status=started | progress=6/12 | seed=42 | model=lasso_n20 | jobs=2
[2026-03-10 18:03:53] | event=stage | status=started | progress=6/12 | seed=42 | model=lasso_n20 | stage=type1_M_5 | M=5 | task=type1_error
[2026-03-10 18:03:55] | event=stage | status=completed | progress=7/12 | seed=42 | model=lasso_n20 | stage=type1_M_5 | runtime_sec=1.39 | M=5 | metric_value=0.2 | task=type1_error
[2026-03-10 18:03:55] | event=stage | status=started | progress=7/12 | seed=42 | model=lasso_n20 | stage=power_delta_0.20 | M=5 | base_delta=0.2 | target_fro=0.2 | task=power
[2026-03-10 18:03:56] | event=stage | status=completed | progress=8/12 | seed=42 | model=lasso_n20 | stage=power_delta_0.20 | runtime_sec=1.01 | M=5 | base_delta=0.2 | metric_value=0.2 | task=power
[2026-03-10 18:03:56] | event=stage | status=started | progress=8/12 | seed=42 | model=lasso_n20 | stage=power_delta_0.50 | M=5 | base_delta=0.5 | target_fro=0.5 | task=power
[2026-03-10 18:03:57] | event=stage | status=completed | progress=9/12 | seed=42 | model=lasso_n20 | stage=power_delta_0.50 | runtime_sec=1.10 | M=5 | base_delta=0.5 | metric_value=0.0 | task=power
[2026-03-10 18:03:57] | event=model | status=completed | progress=9/12 | seed=42 | model=lasso_n20 | runtime_sec=3.51
[2026-03-10 18:03:57] | event=model | status=started | progress=9/12 | seed=42 | model=svd_n20 | jobs=2
[2026-03-10 18:03:57] | event=stage | status=started | progress=9/12 | seed=42 | model=svd_n20 | stage=type1_M_5 | M=5 | task=type1_error
[2026-03-10 18:03:58] | event=stage | status=completed | progress=10/12 | seed=42 | model=svd_n20 | stage=type1_M_5 | runtime_sec=0.87 | M=5 | metric_value=0.2 | task=type1_error
[2026-03-10 18:03:58] | event=stage | status=started | progress=10/12 | seed=42 | model=svd_n20 | stage=power_delta_0.20 | M=5 | base_delta=0.2 | target_fro=0.2 | task=power
[2026-03-10 18:03:59] | event=stage | status=completed | progress=11/12 | seed=42 | model=svd_n20 | stage=power_delta_0.20 | runtime_sec=1.55 | M=5 | base_delta=0.2 | metric_value=0.2 | task=power
[2026-03-10 18:03:59] | event=stage | status=started | progress=11/12 | seed=42 | model=svd_n20 | stage=power_delta_0.50 | M=5 | base_delta=0.5 | target_fro=0.5 | task=power
[2026-03-10 18:04:00] | event=stage | status=completed | progress=12/12 | seed=42 | model=svd_n20 | stage=power_delta_0.50 | runtime_sec=0.93 | M=5 | base_delta=0.5 | metric_value=0.6 | task=power
[2026-03-10 18:04:00] | event=model | status=completed | progress=12/12 | seed=42 | model=svd_n20 | runtime_sec=3.36
[2026-03-10 18:04:00] | event=seed | status=completed | progress=12/12 | seed=42 | runtime_sec=10.57
[2026-03-10 18:04:00] | event=run | status=completed | progress=12/12 | runtime_sec=10.58 | completed_stage_count=12
