[2026-03-07 23:54:26] run started | seed=42 | jobs=1 | deltas=[0.1] | total_progress=0/6
[2026-03-07 23:54:26] model submitted | seed=42 | model=baseline_ols | mc_jobs=1 | queue_index=1 | total_progress=0/6
[2026-03-07 23:54:26] stage started | seed=42 | model=baseline_ols | stage=type1_error | stage_id=seed_42/baseline_ols/type1_error | total_progress=0/6
[2026-03-07 23:54:26] stage completed | seed=42 | model=baseline_ols | stage=type1_error | runtime_sec=0.00 | total_progress=1/6
[2026-03-07 23:54:26] stage started | seed=42 | model=baseline_ols | stage=power_delta_0.10 | stage_id=seed_42/baseline_ols/power_delta_0.10 | total_progress=1/6
[2026-03-07 23:54:26] stage completed | seed=42 | model=baseline_ols | stage=power_delta_0.10 | runtime_sec=0.00 | total_progress=2/6
[2026-03-07 23:54:26] model completed | seed=42 | model=baseline_ols | runtime_sec=0.01 | total_progress=2/6
[2026-03-07 23:54:26] model submitted | seed=42 | model=sparse_lasso | mc_jobs=1 | queue_index=2 | total_progress=2/6
[2026-03-07 23:54:26] stage started | seed=42 | model=sparse_lasso | stage=type1_error | stage_id=seed_42/sparse_lasso/type1_error | total_progress=2/6
[2026-03-07 23:54:26] stage completed | seed=42 | model=sparse_lasso | stage=type1_error | runtime_sec=0.02 | total_progress=3/6
[2026-03-07 23:54:26] stage started | seed=42 | model=sparse_lasso | stage=power_delta_0.10 | stage_id=seed_42/sparse_lasso/power_delta_0.10 | total_progress=3/6
[2026-03-07 23:54:26] stage completed | seed=42 | model=sparse_lasso | stage=power_delta_0.10 | runtime_sec=0.02 | total_progress=4/6
[2026-03-07 23:54:26] model completed | seed=42 | model=sparse_lasso | runtime_sec=0.04 | total_progress=4/6
[2026-03-07 23:54:26] model submitted | seed=42 | model=lowrank_svd | mc_jobs=1 | queue_index=3 | total_progress=4/6
[2026-03-07 23:54:26] stage started | seed=42 | model=lowrank_svd | stage=type1_error | stage_id=seed_42/lowrank_svd/type1_error | total_progress=4/6
[2026-03-07 23:54:26] stage completed | seed=42 | model=lowrank_svd | stage=type1_error | runtime_sec=0.01 | total_progress=5/6
[2026-03-07 23:54:26] stage started | seed=42 | model=lowrank_svd | stage=power_delta_0.10 | stage_id=seed_42/lowrank_svd/power_delta_0.10 | total_progress=5/6
[2026-03-07 23:54:26] stage completed | seed=42 | model=lowrank_svd | stage=power_delta_0.10 | runtime_sec=0.01 | total_progress=6/6
[2026-03-07 23:54:26] model completed | seed=42 | model=lowrank_svd | runtime_sec=0.01 | total_progress=6/6
[2026-03-07 23:54:26] run completed | seed=42 | runtime_sec=0.07 | total_progress=6/6
