Running 3 seeds with seed_workers=2...
[Seed 42] submitted.
[Seed 2026] submitted.
[Progress 1/12] [Seed 42] completed baseline p-value comparison
[Progress 2/12] [Seed 2026] completed baseline p-value comparison
[Progress 3/12] [Seed 42] completed baseline type1/power
[Progress 4/12] [Seed 2026] completed baseline type1/power
[Progress 5/12] [Seed 42] completed sparse_lasso type1/power
[Progress 6/12] [Seed 42] completed lowrank_svd type1/power
[Seed 42] done. [Seed progress 4/4, Total seed progress 1/3]
[Seed 7] submitted.
[Progress 7/12] [Seed 7] completed baseline p-value comparison
[Progress 8/12] [Seed 7] completed baseline type1/power
[Progress 9/12] [Seed 2026] completed sparse_lasso type1/power
[Progress 10/12] [Seed 2026] completed lowrank_svd type1/power
[Seed 2026] done. [Seed progress 4/4, Total seed progress 2/3]
[Progress 11/12] [Seed 7] completed sparse_lasso type1/power
[Progress 12/12] [Seed 7] completed lowrank_svd type1/power
[Seed 7] done. [Seed progress 4/4, Total seed progress 3/3]
Experiment completed.
Run directory: results/next_stage_runs/2026-03-06_235232_formal_fast_v3
Progress log: results/next_stage_runs/2026-03-06_235232_formal_fast_v3/progress.log
Outputs:
- results/next_stage_runs/2026-03-06_235232_formal_fast_v3/next_stage_summary_2026-03-06_235232_formal_fast_v3.json
- results/next_stage_runs/2026-03-06_235232_formal_fast_v3/下一阶段大规模试验报告_2026-03-06_235232_formal_fast_v3.md
- results/next_stage_runs/2026-03-06_235232_formal_fast_v3/next_stage_baseline_raw_2026-03-06_235232_formal_fast_v3.csv
- results/next_stage_runs/2026-03-06_235232_formal_fast_v3/next_stage_baseline_agg_2026-03-06_235232_formal_fast_v3.csv
- results/next_stage_runs/2026-03-06_235232_formal_fast_v3/next_stage_validation_raw_2026-03-06_235232_formal_fast_v3.csv
- results/next_stage_runs/2026-03-06_235232_formal_fast_v3/next_stage_validation_agg_2026-03-06_235232_formal_fast_v3.csv
- results/next_stage_runs/2026-03-06_235232_formal_fast_v3/next_stage_baseline_pvalues_vs_B_2026-03-06_235232_formal_fast_v3.png
- results/next_stage_runs/2026-03-06_235232_formal_fast_v3/next_stage_model_type1_vs_M_2026-03-06_235232_formal_fast_v3.png
- results/next_stage_runs/2026-03-06_235232_formal_fast_v3/next_stage_model_power_vs_M_2026-03-06_235232_formal_fast_v3.png
