[2026-03-10 18:04:33] | event=run | status=started | progress=0/28 | B=20 | M=20 | T=500 | alpha=0.05 | deltas=[0.2, 0.5, 1.0] | jobs=4 | models=['ols_n10', 'ols_n20', 'ols_n30', 'lasso_n20', 'lasso_n30', 'svd_n20', 'svd_n30'] | p=1 | seeds=[42]
[2026-03-10 18:04:33] | event=seed | status=started | progress=0/28 | seed=42 | jobs=4
[2026-03-10 18:04:33] | event=model | status=started | progress=0/28 | seed=42 | model=ols_n10 | jobs=4
[2026-03-10 18:04:33] | event=stage | status=started | progress=0/28 | seed=42 | model=ols_n10 | stage=type1_M_20 | M=20 | task=type1_error
[2026-03-10 18:04:35] | event=stage | status=completed | progress=1/28 | seed=42 | model=ols_n10 | stage=type1_M_20 | runtime_sec=1.95 | M=20 | metric_value=0.05 | task=type1_error
[2026-03-10 18:04:35] | event=stage | status=started | progress=1/28 | seed=42 | model=ols_n10 | stage=power_delta_0.20 | M=20 | base_delta=0.2 | target_fro=0.2 | task=power
[2026-03-10 18:04:35] | event=stage | status=completed | progress=2/28 | seed=42 | model=ols_n10 | stage=power_delta_0.20 | runtime_sec=0.62 | M=20 | base_delta=0.2 | metric_value=0.05 | task=power
[2026-03-10 18:04:35] | event=stage | status=started | progress=2/28 | seed=42 | model=ols_n10 | stage=power_delta_0.50 | M=20 | base_delta=0.5 | target_fro=0.5 | task=power
[2026-03-10 18:04:36] | event=stage | status=completed | progress=3/28 | seed=42 | model=ols_n10 | stage=power_delta_0.50 | runtime_sec=0.60 | M=20 | base_delta=0.5 | metric_value=0.75 | task=power
[2026-03-10 18:04:36] | event=stage | status=started | progress=3/28 | seed=42 | model=ols_n10 | stage=power_delta_1.00 | M=20 | base_delta=1.0 | target_fro=1.0 | task=power
[2026-03-10 18:04:36] | event=stage | status=completed | progress=4/28 | seed=42 | model=ols_n10 | stage=power_delta_1.00 | runtime_sec=0.59 | M=20 | base_delta=1.0 | metric_value=1.0 | task=power
[2026-03-10 18:04:36] | event=model | status=completed | progress=4/28 | seed=42 | model=ols_n10 | runtime_sec=3.78
[2026-03-10 18:04:36] | event=model | status=started | progress=4/28 | seed=42 | model=ols_n20 | jobs=4
[2026-03-10 18:04:36] | event=stage | status=started | progress=4/28 | seed=42 | model=ols_n20 | stage=type1_M_20 | M=20 | task=type1_error
[2026-03-10 18:05:40] | event=stage | status=completed | progress=5/28 | seed=42 | model=ols_n20 | stage=type1_M_20 | runtime_sec=63.59 | M=20 | metric_value=0.0 | task=type1_error
[2026-03-10 18:05:40] | event=stage | status=started | progress=5/28 | seed=42 | model=ols_n20 | stage=power_delta_0.20 | M=20 | base_delta=0.2 | target_fro=0.2 | task=power
[2026-03-10 18:06:46] | event=stage | status=completed | progress=6/28 | seed=42 | model=ols_n20 | stage=power_delta_0.20 | runtime_sec=65.65 | M=20 | base_delta=0.2 | metric_value=0.0 | task=power
[2026-03-10 18:06:46] | event=stage | status=started | progress=6/28 | seed=42 | model=ols_n20 | stage=power_delta_0.50 | M=20 | base_delta=0.5 | target_fro=0.5 | task=power
[2026-03-10 18:07:51] | event=stage | status=completed | progress=7/28 | seed=42 | model=ols_n20 | stage=power_delta_0.50 | runtime_sec=65.77 | M=20 | base_delta=0.5 | metric_value=0.35 | task=power
[2026-03-10 18:07:51] | event=stage | status=started | progress=7/28 | seed=42 | model=ols_n20 | stage=power_delta_1.00 | M=20 | base_delta=1.0 | target_fro=1.0 | task=power
[2026-03-10 18:08:58] | event=stage | status=completed | progress=8/28 | seed=42 | model=ols_n20 | stage=power_delta_1.00 | runtime_sec=66.86 | M=20 | base_delta=1.0 | metric_value=0.95 | task=power
[2026-03-10 18:08:58] | event=model | status=completed | progress=8/28 | seed=42 | model=ols_n20 | runtime_sec=261.89
[2026-03-10 18:08:58] | event=model | status=started | progress=8/28 | seed=42 | model=ols_n30 | jobs=4
[2026-03-10 18:08:58] | event=stage | status=started | progress=8/28 | seed=42 | model=ols_n30 | stage=type1_M_20 | M=20 | task=type1_error
[2026-03-10 18:10:49] | event=stage | status=completed | progress=9/28 | seed=42 | model=ols_n30 | stage=type1_M_20 | runtime_sec=110.78 | M=20 | metric_value=0.15 | task=type1_error
[2026-03-10 18:10:49] | event=stage | status=started | progress=9/28 | seed=42 | model=ols_n30 | stage=power_delta_0.20 | M=20 | base_delta=0.2 | target_fro=0.2 | task=power
[2026-03-10 18:12:37] | event=stage | status=completed | progress=10/28 | seed=42 | model=ols_n30 | stage=power_delta_0.20 | runtime_sec=107.65 | M=20 | base_delta=0.2 | metric_value=0.05 | task=power
[2026-03-10 18:12:37] | event=stage | status=started | progress=10/28 | seed=42 | model=ols_n30 | stage=power_delta_0.50 | M=20 | base_delta=0.5 | target_fro=0.5 | task=power
[2026-03-10 18:14:19] | event=stage | status=completed | progress=11/28 | seed=42 | model=ols_n30 | stage=power_delta_0.50 | runtime_sec=102.62 | M=20 | base_delta=0.5 | metric_value=0.25 | task=power
[2026-03-10 18:14:19] | event=stage | status=started | progress=11/28 | seed=42 | model=ols_n30 | stage=power_delta_1.00 | M=20 | base_delta=1.0 | target_fro=1.0 | task=power
[2026-03-10 18:17:28] | event=stage | status=completed | progress=12/28 | seed=42 | model=ols_n30 | stage=power_delta_1.00 | runtime_sec=188.73 | M=20 | base_delta=1.0 | metric_value=0.95 | task=power
[2026-03-10 18:17:28] | event=model | status=completed | progress=12/28 | seed=42 | model=ols_n30 | runtime_sec=509.81
[2026-03-10 18:17:28] | event=model | status=started | progress=12/28 | seed=42 | model=lasso_n20 | jobs=4
[2026-03-10 18:17:28] | event=stage | status=started | progress=12/28 | seed=42 | model=lasso_n20 | stage=type1_M_20 | M=20 | task=type1_error
[2026-03-10 18:18:16] | event=stage | status=completed | progress=13/28 | seed=42 | model=lasso_n20 | stage=type1_M_20 | runtime_sec=48.20 | M=20 | metric_value=0.15 | task=type1_error
[2026-03-10 18:18:16] | event=stage | status=started | progress=13/28 | seed=42 | model=lasso_n20 | stage=power_delta_0.20 | M=20 | base_delta=0.2 | target_fro=0.2 | task=power
[2026-03-10 18:18:48] | event=stage | status=completed | progress=14/28 | seed=42 | model=lasso_n20 | stage=power_delta_0.20 | runtime_sec=31.63 | M=20 | base_delta=0.2 | metric_value=0.15 | task=power
[2026-03-10 18:18:48] | event=stage | status=started | progress=14/28 | seed=42 | model=lasso_n20 | stage=power_delta_0.50 | M=20 | base_delta=0.5 | target_fro=0.5 | task=power
[2026-03-10 18:19:31] | event=stage | status=completed | progress=15/28 | seed=42 | model=lasso_n20 | stage=power_delta_0.50 | runtime_sec=42.78 | M=20 | base_delta=0.5 | metric_value=0.5 | task=power
[2026-03-10 18:19:31] | event=stage | status=started | progress=15/28 | seed=42 | model=lasso_n20 | stage=power_delta_1.00 | M=20 | base_delta=1.0 | target_fro=1.0 | task=power
[2026-03-10 18:20:16] | event=stage | status=completed | progress=16/28 | seed=42 | model=lasso_n20 | stage=power_delta_1.00 | runtime_sec=44.97 | M=20 | base_delta=1.0 | metric_value=1.0 | task=power
[2026-03-10 18:20:16] | event=model | status=completed | progress=16/28 | seed=42 | model=lasso_n20 | runtime_sec=167.60
[2026-03-10 18:20:16] | event=model | status=started | progress=16/28 | seed=42 | model=lasso_n30 | jobs=4
[2026-03-10 18:20:16] | event=stage | status=started | progress=16/28 | seed=42 | model=lasso_n30 | stage=type1_M_20 | M=20 | task=type1_error
[2026-03-10 18:21:22] | event=stage | status=completed | progress=17/28 | seed=42 | model=lasso_n30 | stage=type1_M_20 | runtime_sec=66.00 | M=20 | metric_value=0.1 | task=type1_error
[2026-03-10 18:21:22] | event=stage | status=started | progress=17/28 | seed=42 | model=lasso_n30 | stage=power_delta_0.20 | M=20 | base_delta=0.2 | target_fro=0.2 | task=power
[2026-03-10 18:22:29] | event=stage | status=completed | progress=18/28 | seed=42 | model=lasso_n30 | stage=power_delta_0.20 | runtime_sec=67.23 | M=20 | base_delta=0.2 | metric_value=0.0 | task=power
[2026-03-10 18:22:29] | event=stage | status=started | progress=18/28 | seed=42 | model=lasso_n30 | stage=power_delta_0.50 | M=20 | base_delta=0.5 | target_fro=0.5 | task=power
[2026-03-10 18:23:35] | event=stage | status=completed | progress=19/28 | seed=42 | model=lasso_n30 | stage=power_delta_0.50 | runtime_sec=65.68 | M=20 | base_delta=0.5 | metric_value=0.2 | task=power
[2026-03-10 18:23:35] | event=stage | status=started | progress=19/28 | seed=42 | model=lasso_n30 | stage=power_delta_1.00 | M=20 | base_delta=1.0 | target_fro=1.0 | task=power
[2026-03-10 18:24:33] | event=stage | status=completed | progress=20/28 | seed=42 | model=lasso_n30 | stage=power_delta_1.00 | runtime_sec=58.23 | M=20 | base_delta=1.0 | metric_value=1.0 | task=power
[2026-03-10 18:24:33] | event=model | status=completed | progress=20/28 | seed=42 | model=lasso_n30 | runtime_sec=257.15
[2026-03-10 18:24:33] | event=model | status=started | progress=20/28 | seed=42 | model=svd_n20 | jobs=4
[2026-03-10 18:24:33] | event=stage | status=started | progress=20/28 | seed=42 | model=svd_n20 | stage=type1_M_20 | M=20 | task=type1_error
[2026-03-10 18:26:33] | event=stage | status=completed | progress=21/28 | seed=42 | model=svd_n20 | stage=type1_M_20 | runtime_sec=120.44 | M=20 | metric_value=0.15 | task=type1_error
[2026-03-10 18:26:33] | event=stage | status=started | progress=21/28 | seed=42 | model=svd_n20 | stage=power_delta_0.20 | M=20 | base_delta=0.2 | target_fro=0.2 | task=power
[2026-03-10 18:28:24] | event=stage | status=completed | progress=22/28 | seed=42 | model=svd_n20 | stage=power_delta_0.20 | runtime_sec=111.13 | M=20 | base_delta=0.2 | metric_value=0.2 | task=power
[2026-03-10 18:28:24] | event=stage | status=started | progress=22/28 | seed=42 | model=svd_n20 | stage=power_delta_0.50 | M=20 | base_delta=0.5 | target_fro=0.5 | task=power
[2026-03-10 18:30:16] | event=stage | status=completed | progress=23/28 | seed=42 | model=svd_n20 | stage=power_delta_0.50 | runtime_sec=111.25 | M=20 | base_delta=0.5 | metric_value=0.45 | task=power
[2026-03-10 18:30:16] | event=stage | status=started | progress=23/28 | seed=42 | model=svd_n20 | stage=power_delta_1.00 | M=20 | base_delta=1.0 | target_fro=1.0 | task=power
[2026-03-10 18:32:01] | event=stage | status=completed | progress=24/28 | seed=42 | model=svd_n20 | stage=power_delta_1.00 | runtime_sec=105.33 | M=20 | base_delta=1.0 | metric_value=1.0 | task=power
[2026-03-10 18:32:01] | event=model | status=completed | progress=24/28 | seed=42 | model=svd_n20 | runtime_sec=448.16
[2026-03-10 18:32:01] | event=model | status=started | progress=24/28 | seed=42 | model=svd_n30 | jobs=4
[2026-03-10 18:32:01] | event=stage | status=started | progress=24/28 | seed=42 | model=svd_n30 | stage=type1_M_20 | M=20 | task=type1_error
[2026-03-10 18:35:01] | event=stage | status=completed | progress=25/28 | seed=42 | model=svd_n30 | stage=type1_M_20 | runtime_sec=180.37 | M=20 | metric_value=0.4 | task=type1_error
[2026-03-10 18:35:01] | event=stage | status=started | progress=25/28 | seed=42 | model=svd_n30 | stage=power_delta_0.20 | M=20 | base_delta=0.2 | target_fro=0.2 | task=power
[2026-03-10 18:38:09] | event=stage | status=completed | progress=26/28 | seed=42 | model=svd_n30 | stage=power_delta_0.20 | runtime_sec=187.08 | M=20 | base_delta=0.2 | metric_value=0.2 | task=power
[2026-03-10 18:38:09] | event=stage | status=started | progress=26/28 | seed=42 | model=svd_n30 | stage=power_delta_0.50 | M=20 | base_delta=0.5 | target_fro=0.5 | task=power
[2026-03-10 18:41:17] | event=stage | status=completed | progress=27/28 | seed=42 | model=svd_n30 | stage=power_delta_0.50 | runtime_sec=188.36 | M=20 | base_delta=0.5 | metric_value=0.55 | task=power
[2026-03-10 18:41:17] | event=stage | status=started | progress=27/28 | seed=42 | model=svd_n30 | stage=power_delta_1.00 | M=20 | base_delta=1.0 | target_fro=1.0 | task=power
[2026-03-10 18:44:12] | event=stage | status=completed | progress=28/28 | seed=42 | model=svd_n30 | stage=power_delta_1.00 | runtime_sec=174.78 | M=20 | base_delta=1.0 | metric_value=1.0 | task=power
[2026-03-10 18:44:12] | event=model | status=completed | progress=28/28 | seed=42 | model=svd_n30 | runtime_sec=730.60
[2026-03-10 18:44:12] | event=seed | status=completed | progress=28/28 | seed=42 | runtime_sec=2379.02
[2026-03-10 18:44:12] | event=run | status=completed | progress=28/28 | runtime_sec=2379.06 | completed_stage_count=28
