[2026-03-10 18:14:21] | event=run | status=started | progress=0/28 | B=30 | M=30 | T=500 | alpha=0.05 | deltas=[0.2, 0.5, 1.0] | jobs=4 | models=['ols_n10', 'ols_n20', 'ols_n30', 'lasso_n20', 'lasso_n30', 'svd_n20', 'svd_n30'] | p=1 | seeds=[42]
[2026-03-10 18:14:21] | event=seed | status=started | progress=0/28 | seed=42 | jobs=4
[2026-03-10 18:14:21] | event=model | status=started | progress=0/28 | seed=42 | model=ols_n10 | jobs=4
[2026-03-10 18:14:21] | event=stage | status=started | progress=0/28 | seed=42 | model=ols_n10 | stage=type1_M_30 | M=30 | task=type1_error
[2026-03-10 18:14:32] | event=stage | status=completed | progress=1/28 | seed=42 | model=ols_n10 | stage=type1_M_30 | runtime_sec=11.08 | M=30 | metric_value=0.03333333333333333 | task=type1_error
[2026-03-10 18:14:32] | event=stage | status=started | progress=1/28 | seed=42 | model=ols_n10 | stage=power_delta_0.20 | M=30 | base_delta=0.2 | target_fro=0.2 | task=power
[2026-03-10 18:14:38] | event=stage | status=completed | progress=2/28 | seed=42 | model=ols_n10 | stage=power_delta_0.20 | runtime_sec=6.26 | M=30 | base_delta=0.2 | metric_value=0.13333333333333333 | task=power
[2026-03-10 18:14:38] | event=stage | status=started | progress=2/28 | seed=42 | model=ols_n10 | stage=power_delta_0.50 | M=30 | base_delta=0.5 | target_fro=0.5 | task=power
[2026-03-10 18:14:45] | event=stage | status=completed | progress=3/28 | seed=42 | model=ols_n10 | stage=power_delta_0.50 | runtime_sec=6.43 | M=30 | base_delta=0.5 | metric_value=0.7 | task=power
[2026-03-10 18:14:45] | event=stage | status=started | progress=3/28 | seed=42 | model=ols_n10 | stage=power_delta_1.00 | M=30 | base_delta=1.0 | target_fro=1.0 | task=power
[2026-03-10 18:14:51] | event=stage | status=completed | progress=4/28 | seed=42 | model=ols_n10 | stage=power_delta_1.00 | runtime_sec=6.42 | M=30 | base_delta=1.0 | metric_value=1.0 | task=power
[2026-03-10 18:14:51] | event=model | status=completed | progress=4/28 | seed=42 | model=ols_n10 | runtime_sec=30.22
[2026-03-10 18:14:51] | event=model | status=started | progress=4/28 | seed=42 | model=ols_n20 | jobs=4
[2026-03-10 18:14:51] | event=stage | status=started | progress=4/28 | seed=42 | model=ols_n20 | stage=type1_M_30 | M=30 | task=type1_error
[2026-03-10 18:18:32] | event=stage | status=completed | progress=5/28 | seed=42 | model=ols_n20 | stage=type1_M_30 | runtime_sec=220.33 | M=30 | metric_value=0.1 | task=type1_error
[2026-03-10 18:18:32] | event=stage | status=started | progress=5/28 | seed=42 | model=ols_n20 | stage=power_delta_0.20 | M=30 | base_delta=0.2 | target_fro=0.2 | task=power
[2026-03-10 18:21:07] | event=stage | status=completed | progress=6/28 | seed=42 | model=ols_n20 | stage=power_delta_0.20 | runtime_sec=154.88 | M=30 | base_delta=0.2 | metric_value=0.03333333333333333 | task=power
[2026-03-10 18:21:07] | event=stage | status=started | progress=6/28 | seed=42 | model=ols_n20 | stage=power_delta_0.50 | M=30 | base_delta=0.5 | target_fro=0.5 | task=power
[2026-03-10 18:23:46] | event=stage | status=completed | progress=7/28 | seed=42 | model=ols_n20 | stage=power_delta_0.50 | runtime_sec=159.90 | M=30 | base_delta=0.5 | metric_value=0.26666666666666666 | task=power
[2026-03-10 18:23:46] | event=stage | status=started | progress=7/28 | seed=42 | model=ols_n20 | stage=power_delta_1.00 | M=30 | base_delta=1.0 | target_fro=1.0 | task=power
[2026-03-10 18:27:49] | event=stage | status=completed | progress=8/28 | seed=42 | model=ols_n20 | stage=power_delta_1.00 | runtime_sec=243.01 | M=30 | base_delta=1.0 | metric_value=0.9333333333333333 | task=power
[2026-03-10 18:27:49] | event=model | status=completed | progress=8/28 | seed=42 | model=ols_n20 | runtime_sec=778.14
[2026-03-10 18:27:49] | event=model | status=started | progress=8/28 | seed=42 | model=ols_n30 | jobs=4
[2026-03-10 18:27:49] | event=stage | status=started | progress=8/28 | seed=42 | model=ols_n30 | stage=type1_M_30 | M=30 | task=type1_error
[2026-03-10 18:35:04] | event=stage | status=completed | progress=9/28 | seed=42 | model=ols_n30 | stage=type1_M_30 | runtime_sec=434.89 | M=30 | metric_value=0.03333333333333333 | task=type1_error
[2026-03-10 18:35:04] | event=stage | status=started | progress=9/28 | seed=42 | model=ols_n30 | stage=power_delta_0.20 | M=30 | base_delta=0.2 | target_fro=0.2 | task=power
[2026-03-10 18:42:12] | event=stage | status=completed | progress=10/28 | seed=42 | model=ols_n30 | stage=power_delta_0.20 | runtime_sec=427.44 | M=30 | base_delta=0.2 | metric_value=0.1 | task=power
[2026-03-10 18:42:12] | event=stage | status=started | progress=10/28 | seed=42 | model=ols_n30 | stage=power_delta_0.50 | M=30 | base_delta=0.5 | target_fro=0.5 | task=power
[2026-03-10 18:47:18] | event=stage | status=completed | progress=11/28 | seed=42 | model=ols_n30 | stage=power_delta_0.50 | runtime_sec=305.68 | M=30 | base_delta=0.5 | metric_value=0.23333333333333334 | task=power
[2026-03-10 18:47:18] | event=stage | status=started | progress=11/28 | seed=42 | model=ols_n30 | stage=power_delta_1.00 | M=30 | base_delta=1.0 | target_fro=1.0 | task=power
[2026-03-10 18:51:19] | event=stage | status=completed | progress=12/28 | seed=42 | model=ols_n30 | stage=power_delta_1.00 | runtime_sec=241.45 | M=30 | base_delta=1.0 | metric_value=1.0 | task=power
[2026-03-10 18:51:19] | event=model | status=completed | progress=12/28 | seed=42 | model=ols_n30 | runtime_sec=1409.49
[2026-03-10 18:51:19] | event=model | status=started | progress=12/28 | seed=42 | model=lasso_n20 | jobs=4
[2026-03-10 18:51:19] | event=stage | status=started | progress=12/28 | seed=42 | model=lasso_n20 | stage=type1_M_30 | M=30 | task=type1_error
[2026-03-10 18:51:40] | event=stage | status=completed | progress=13/28 | seed=42 | model=lasso_n20 | stage=type1_M_30 | runtime_sec=21.27 | M=30 | metric_value=0.03333333333333333 | task=type1_error
[2026-03-10 18:51:40] | event=stage | status=started | progress=13/28 | seed=42 | model=lasso_n20 | stage=power_delta_0.20 | M=30 | base_delta=0.2 | target_fro=0.2 | task=power
[2026-03-10 18:52:01] | event=stage | status=completed | progress=14/28 | seed=42 | model=lasso_n20 | stage=power_delta_0.20 | runtime_sec=20.83 | M=30 | base_delta=0.2 | metric_value=0.13333333333333333 | task=power
[2026-03-10 18:52:01] | event=stage | status=started | progress=14/28 | seed=42 | model=lasso_n20 | stage=power_delta_0.50 | M=30 | base_delta=0.5 | target_fro=0.5 | task=power
[2026-03-10 18:52:23] | event=stage | status=completed | progress=15/28 | seed=42 | model=lasso_n20 | stage=power_delta_0.50 | runtime_sec=21.81 | M=30 | base_delta=0.5 | metric_value=0.5 | task=power
[2026-03-10 18:52:23] | event=stage | status=started | progress=15/28 | seed=42 | model=lasso_n20 | stage=power_delta_1.00 | M=30 | base_delta=1.0 | target_fro=1.0 | task=power
[2026-03-10 18:52:46] | event=stage | status=completed | progress=16/28 | seed=42 | model=lasso_n20 | stage=power_delta_1.00 | runtime_sec=23.49 | M=30 | base_delta=1.0 | metric_value=1.0 | task=power
[2026-03-10 18:52:46] | event=model | status=completed | progress=16/28 | seed=42 | model=lasso_n20 | runtime_sec=87.42
[2026-03-10 18:52:46] | event=model | status=started | progress=16/28 | seed=42 | model=lasso_n30 | jobs=4
[2026-03-10 18:52:46] | event=stage | status=started | progress=16/28 | seed=42 | model=lasso_n30 | stage=type1_M_30 | M=30 | task=type1_error
[2026-03-10 18:53:21] | event=stage | status=completed | progress=17/28 | seed=42 | model=lasso_n30 | stage=type1_M_30 | runtime_sec=34.64 | M=30 | metric_value=0.06666666666666667 | task=type1_error
[2026-03-10 18:53:21] | event=stage | status=started | progress=17/28 | seed=42 | model=lasso_n30 | stage=power_delta_0.20 | M=30 | base_delta=0.2 | target_fro=0.2 | task=power
[2026-03-10 18:53:55] | event=stage | status=completed | progress=18/28 | seed=42 | model=lasso_n30 | stage=power_delta_0.20 | runtime_sec=34.38 | M=30 | base_delta=0.2 | metric_value=0.1 | task=power
[2026-03-10 18:53:55] | event=stage | status=started | progress=18/28 | seed=42 | model=lasso_n30 | stage=power_delta_0.50 | M=30 | base_delta=0.5 | target_fro=0.5 | task=power
[2026-03-10 18:54:29] | event=stage | status=completed | progress=19/28 | seed=42 | model=lasso_n30 | stage=power_delta_0.50 | runtime_sec=33.45 | M=30 | base_delta=0.5 | metric_value=0.3 | task=power
[2026-03-10 18:54:29] | event=stage | status=started | progress=19/28 | seed=42 | model=lasso_n30 | stage=power_delta_1.00 | M=30 | base_delta=1.0 | target_fro=1.0 | task=power
[2026-03-10 18:55:02] | event=stage | status=completed | progress=20/28 | seed=42 | model=lasso_n30 | stage=power_delta_1.00 | runtime_sec=33.51 | M=30 | base_delta=1.0 | metric_value=0.9666666666666667 | task=power
[2026-03-10 18:55:02] | event=model | status=completed | progress=20/28 | seed=42 | model=lasso_n30 | runtime_sec=136.00
[2026-03-10 18:55:02] | event=model | status=started | progress=20/28 | seed=42 | model=svd_n20 | jobs=4
[2026-03-10 18:55:02] | event=stage | status=started | progress=20/28 | seed=42 | model=svd_n20 | stage=type1_M_30 | M=30 | task=type1_error
[2026-03-10 18:57:27] | event=stage | status=completed | progress=21/28 | seed=42 | model=svd_n20 | stage=type1_M_30 | runtime_sec=144.31 | M=30 | metric_value=0.16666666666666666 | task=type1_error
[2026-03-10 18:57:27] | event=stage | status=started | progress=21/28 | seed=42 | model=svd_n20 | stage=power_delta_0.20 | M=30 | base_delta=0.2 | target_fro=0.2 | task=power
[2026-03-10 18:59:49] | event=stage | status=completed | progress=22/28 | seed=42 | model=svd_n20 | stage=power_delta_0.20 | runtime_sec=141.85 | M=30 | base_delta=0.2 | metric_value=0.03333333333333333 | task=power
[2026-03-10 18:59:49] | event=stage | status=started | progress=22/28 | seed=42 | model=svd_n20 | stage=power_delta_0.50 | M=30 | base_delta=0.5 | target_fro=0.5 | task=power
[2026-03-10 19:02:12] | event=stage | status=completed | progress=23/28 | seed=42 | model=svd_n20 | stage=power_delta_0.50 | runtime_sec=143.16 | M=30 | base_delta=0.5 | metric_value=0.6333333333333333 | task=power
[2026-03-10 19:02:12] | event=stage | status=started | progress=23/28 | seed=42 | model=svd_n20 | stage=power_delta_1.00 | M=30 | base_delta=1.0 | target_fro=1.0 | task=power
[2026-03-10 19:04:44] | event=stage | status=completed | progress=24/28 | seed=42 | model=svd_n20 | stage=power_delta_1.00 | runtime_sec=151.96 | M=30 | base_delta=1.0 | metric_value=1.0 | task=power
[2026-03-10 19:04:44] | event=model | status=completed | progress=24/28 | seed=42 | model=svd_n20 | runtime_sec=581.29
[2026-03-10 19:04:44] | event=model | status=started | progress=24/28 | seed=42 | model=svd_n30 | jobs=4
[2026-03-10 19:04:44] | event=stage | status=started | progress=24/28 | seed=42 | model=svd_n30 | stage=type1_M_30 | M=30 | task=type1_error
[2026-03-10 19:08:44] | event=stage | status=completed | progress=25/28 | seed=42 | model=svd_n30 | stage=type1_M_30 | runtime_sec=240.42 | M=30 | metric_value=0.16666666666666666 | task=type1_error
[2026-03-10 19:08:44] | event=stage | status=started | progress=25/28 | seed=42 | model=svd_n30 | stage=power_delta_0.20 | M=30 | base_delta=0.2 | target_fro=0.2 | task=power
[2026-03-10 19:12:46] | event=stage | status=completed | progress=26/28 | seed=42 | model=svd_n30 | stage=power_delta_0.20 | runtime_sec=241.60 | M=30 | base_delta=0.2 | metric_value=0.23333333333333334 | task=power
[2026-03-10 19:12:46] | event=stage | status=started | progress=26/28 | seed=42 | model=svd_n30 | stage=power_delta_0.50 | M=30 | base_delta=0.5 | target_fro=0.5 | task=power
[2026-03-10 19:16:57] | event=stage | status=completed | progress=27/28 | seed=42 | model=svd_n30 | stage=power_delta_0.50 | runtime_sec=250.80 | M=30 | base_delta=0.5 | metric_value=0.43333333333333335 | task=power
[2026-03-10 19:16:57] | event=stage | status=started | progress=27/28 | seed=42 | model=svd_n30 | stage=power_delta_1.00 | M=30 | base_delta=1.0 | target_fro=1.0 | task=power
[2026-03-10 19:21:02] | event=stage | status=completed | progress=28/28 | seed=42 | model=svd_n30 | stage=power_delta_1.00 | runtime_sec=245.05 | M=30 | base_delta=1.0 | metric_value=1.0 | task=power
[2026-03-10 19:21:02] | event=model | status=completed | progress=28/28 | seed=42 | model=svd_n30 | runtime_sec=977.88
[2026-03-10 19:21:02] | event=seed | status=completed | progress=28/28 | seed=42 | runtime_sec=4000.45
[2026-03-10 19:21:02] | event=run | status=completed | progress=28/28 | runtime_sec=4000.48 | completed_stage_count=28
