Running 3 seeds with seed_workers=1...
[Seed 42] running...
[Seed 42] done. [Seed progress 4/4, Total stage progress 4/12]
[Seed 2026] running...
[Seed 2026] done. [Seed progress 4/4, Total stage progress 8/12]
[Seed 7] running...
[Seed 7] done. [Seed progress 4/4, Total stage progress 12/12]
Experiment completed.
Run directory: results/next_stage_runs/2026-03-07_145058_small_scale_newplan_v2
Progress log: results/next_stage_runs/2026-03-07_145058_small_scale_newplan_v2/progress.log
Outputs:
- results/next_stage_runs/2026-03-07_145058_small_scale_newplan_v2/next_stage_summary_2026-03-07_145058_small_scale_newplan_v2.json
- results/next_stage_runs/2026-03-07_145058_small_scale_newplan_v2/下一阶段大规模试验报告_2026-03-07_145058_small_scale_newplan_v2.md
- results/next_stage_runs/2026-03-07_145058_small_scale_newplan_v2/next_stage_baseline_raw_2026-03-07_145058_small_scale_newplan_v2.csv
- results/next_stage_runs/2026-03-07_145058_small_scale_newplan_v2/next_stage_baseline_agg_2026-03-07_145058_small_scale_newplan_v2.csv
- results/next_stage_runs/2026-03-07_145058_small_scale_newplan_v2/next_stage_size_raw_2026-03-07_145058_small_scale_newplan_v2.csv
- results/next_stage_runs/2026-03-07_145058_small_scale_newplan_v2/next_stage_size_agg_2026-03-07_145058_small_scale_newplan_v2.csv
- results/next_stage_runs/2026-03-07_145058_small_scale_newplan_v2/next_stage_power_raw_2026-03-07_145058_small_scale_newplan_v2.csv
- results/next_stage_runs/2026-03-07_145058_small_scale_newplan_v2/next_stage_power_agg_2026-03-07_145058_small_scale_newplan_v2.csv
- results/next_stage_runs/2026-03-07_145058_small_scale_newplan_v2/next_stage_baseline_pvalues_vs_B_2026-03-07_145058_small_scale_newplan_v2.png
- results/next_stage_runs/2026-03-07_145058_small_scale_newplan_v2/next_stage_model_size_vs_M_2026-03-07_145058_small_scale_newplan_v2.png
- results/next_stage_runs/2026-03-07_145058_small_scale_newplan_v2/next_stage_model_power_vs_change_2026-03-07_145058_small_scale_newplan_v2.png
