[2026-03-08 09:07:26] | event=seed | status=started | progress=0/24 | seed=42 | jobs=2
[2026-03-08 09:07:26] | event=model | status=started | progress=0/24 | seed=42 | model=baseline_ols | jobs=1
[2026-03-08 09:07:26] | event=stage | status=started | progress=0/24 | seed=42 | model=baseline_ols | stage=type1_M_4 | M=4 | task=type1_error
[2026-03-08 09:07:26] | event=model | status=started | progress=0/24 | seed=42 | model=sparse_lasso | jobs=1
[2026-03-08 09:07:26] | event=stage | status=started | progress=0/24 | seed=42 | model=sparse_lasso | stage=type1_M_4 | M=4 | task=type1_error
[2026-03-08 09:07:27] | event=stage | status=completed | progress=1/24 | seed=42 | model=baseline_ols | stage=type1_M_4 | runtime_sec=0.15 | M=4 | metric_value=0.25 | task=type1_error
[2026-03-08 09:07:27] | event=stage | status=started | progress=1/24 | seed=42 | model=baseline_ols | stage=type1_M_6 | M=6 | task=type1_error
[2026-03-08 09:07:27] | event=stage | status=completed | progress=3/24 | seed=42 | model=baseline_ols | stage=type1_M_6 | runtime_sec=0.34 | M=6 | metric_value=0.3333333333333333 | task=type1_error
[2026-03-08 09:07:27] | event=stage | status=started | progress=3/24 | seed=42 | model=baseline_ols | stage=power_delta_0.04 | M=6 | base_delta=0.04 | target_fro=0.08 | task=power
[2026-03-08 09:07:27] | event=stage | status=completed | progress=5/24 | seed=42 | model=baseline_ols | stage=power_delta_0.04 | runtime_sec=0.21 | M=6 | base_delta=0.04 | metric_value=0.16666666666666666 | target_fro=0.08 | task=power
[2026-03-08 09:07:27] | event=stage | status=started | progress=5/24 | seed=42 | model=baseline_ols | stage=power_delta_0.08 | M=6 | base_delta=0.08 | target_fro=0.16 | task=power
[2026-03-08 09:07:27] | event=stage | status=completed | progress=7/24 | seed=42 | model=baseline_ols | stage=power_delta_0.08 | runtime_sec=0.23 | M=6 | base_delta=0.08 | metric_value=0.16666666666666666 | target_fro=0.16 | task=power
[2026-03-08 09:07:27] | event=model | status=started | progress=7/24 | seed=42 | model=lowrank_svd | jobs=1
[2026-03-08 09:07:27] | event=stage | status=started | progress=7/24 | seed=42 | model=lowrank_svd | stage=type1_M_4 | M=4 | task=type1_error
[2026-03-08 09:07:28] | event=stage | status=completed | progress=9/24 | seed=42 | model=sparse_lasso | stage=type1_M_4 | runtime_sec=1.21 | M=4 | metric_value=0.25 | task=type1_error
[2026-03-08 09:07:28] | event=stage | status=started | progress=9/24 | seed=42 | model=sparse_lasso | stage=type1_M_6 | M=6 | task=type1_error
[2026-03-08 09:07:29] | event=stage | status=completed | progress=11/24 | seed=42 | model=lowrank_svd | stage=type1_M_4 | runtime_sec=1.06 | M=4 | metric_value=0.5 | task=type1_error
[2026-03-08 09:07:29] | event=stage | status=started | progress=11/24 | seed=42 | model=lowrank_svd | stage=type1_M_6 | M=6 | task=type1_error
[2026-03-08 09:07:30] | event=stage | status=completed | progress=13/24 | seed=42 | model=sparse_lasso | stage=type1_M_6 | runtime_sec=1.87 | M=6 | metric_value=0.3333333333333333 | task=type1_error
[2026-03-08 09:07:30] | event=stage | status=started | progress=13/24 | seed=42 | model=sparse_lasso | stage=power_delta_0.04 | M=6 | base_delta=0.04 | target_fro=0.2 | task=power
[2026-03-08 09:07:30] | event=stage | status=completed | progress=15/24 | seed=42 | model=lowrank_svd | stage=type1_M_6 | runtime_sec=1.75 | M=6 | metric_value=0.8333333333333334 | task=type1_error
[2026-03-08 09:07:30] | event=stage | status=started | progress=15/24 | seed=42 | model=lowrank_svd | stage=power_delta_0.04 | M=6 | base_delta=0.04 | target_fro=0.4 | task=power
[2026-03-08 09:07:31] | event=stage | status=completed | progress=17/24 | seed=42 | model=sparse_lasso | stage=power_delta_0.04 | runtime_sec=1.83 | M=6 | base_delta=0.04 | metric_value=0.3333333333333333 | target_fro=0.2 | task=power
[2026-03-08 09:07:31] | event=stage | status=started | progress=17/24 | seed=42 | model=sparse_lasso | stage=power_delta_0.08 | M=6 | base_delta=0.08 | target_fro=0.4 | task=power
[2026-03-08 09:07:32] | event=stage | status=completed | progress=20/24 | seed=42 | model=lowrank_svd | stage=power_delta_0.04 | runtime_sec=1.65 | M=6 | base_delta=0.04 | metric_value=0.16666666666666666 | target_fro=0.4 | task=power
[2026-03-08 09:07:32] | event=stage | status=started | progress=20/24 | seed=42 | model=lowrank_svd | stage=power_delta_0.08 | M=6 | base_delta=0.08 | target_fro=0.8 | task=power
[2026-03-08 09:07:33] | event=stage | status=completed | progress=21/24 | seed=42 | model=sparse_lasso | stage=power_delta_0.08 | runtime_sec=2.02 | M=6 | base_delta=0.08 | metric_value=0.3333333333333333 | target_fro=0.4 | task=power
[2026-03-08 09:07:34] | event=stage | status=completed | progress=23/24 | seed=42 | model=lowrank_svd | stage=power_delta_0.08 | runtime_sec=1.44 | M=6 | base_delta=0.08 | metric_value=1.0 | target_fro=0.8 | task=power
[2026-03-08 09:07:34] | event=seed | status=completed | progress=24/24 | seed=42 | runtime_sec=7.24
