[2026-03-08 09:25:54] | event=run | status=started | progress=0/21 | B=500 | M_grid=[50, 100, 300] | alpha=0.05 | baseline_pvalue_method=asymptotic_chi2 | deltas=[0.04, 0.08, 0.12, 0.16] | jobs=4 | power_M=300 | seed_workers=1 | seeds=[42]
[2026-03-08 09:25:54] | event=seed | status=started | progress=0/21 | seed=42 | jobs=4
[2026-03-08 09:25:54] | event=model | status=started | progress=0/21 | seed=42 | model=baseline_ols | jobs=1
[2026-03-08 09:25:54] | event=stage | status=started | progress=0/21 | seed=42 | model=baseline_ols | stage=type1_M_50 | M=50 | task=type1_error
[2026-03-08 09:25:54] | event=model | status=started | progress=0/21 | seed=42 | model=lowrank_svd | jobs=1
[2026-03-08 09:25:54] | event=stage | status=started | progress=0/21 | seed=42 | model=lowrank_svd | stage=type1_M_50 | M=50 | task=type1_error
[2026-03-08 09:25:54] | event=model | status=started | progress=0/21 | seed=42 | model=sparse_lasso | jobs=2
[2026-03-08 09:25:54] | event=stage | status=started | progress=0/21 | seed=42 | model=sparse_lasso | stage=type1_M_50 | M=50 | task=type1_error
[2026-03-08 09:25:57] | event=stage | status=completed | progress=1/21 | seed=42 | model=baseline_ols | stage=type1_M_50 | runtime_sec=3.81 | M=50 | metric_value=0.24 | task=type1_error
[2026-03-08 09:25:57] | event=stage | status=started | progress=1/21 | seed=42 | model=baseline_ols | stage=type1_M_100 | M=100 | task=type1_error
[2026-03-08 09:26:06] | event=stage | status=completed | progress=2/21 | seed=42 | model=baseline_ols | stage=type1_M_100 | runtime_sec=8.42 | M=100 | metric_value=0.23 | task=type1_error
[2026-03-08 09:26:06] | event=stage | status=started | progress=2/21 | seed=42 | model=baseline_ols | stage=type1_M_300 | M=300 | task=type1_error
[2026-03-08 09:26:32] | event=stage | status=completed | progress=3/21 | seed=42 | model=baseline_ols | stage=type1_M_300 | runtime_sec=25.61 | M=300 | metric_value=0.20333333333333334 | task=type1_error
[2026-03-08 09:26:32] | event=stage | status=started | progress=3/21 | seed=42 | model=baseline_ols | stage=power_delta_0.04 | M=300 | base_delta=0.04 | target_fro=0.08 | task=power
[2026-03-08 09:26:44] | event=stage | status=completed | progress=4/21 | seed=42 | model=baseline_ols | stage=power_delta_0.04 | runtime_sec=12.73 | M=300 | base_delta=0.04 | metric_value=0.2 | target_fro=0.08 | task=power
[2026-03-08 09:26:44] | event=stage | status=started | progress=4/21 | seed=42 | model=baseline_ols | stage=power_delta_0.08 | M=300 | base_delta=0.08 | target_fro=0.16 | task=power
[2026-03-08 09:26:57] | event=stage | status=completed | progress=5/21 | seed=42 | model=baseline_ols | stage=power_delta_0.08 | runtime_sec=12.55 | M=300 | base_delta=0.08 | metric_value=0.29333333333333333 | target_fro=0.16 | task=power
[2026-03-08 09:26:57] | event=stage | status=started | progress=5/21 | seed=42 | model=baseline_ols | stage=power_delta_0.12 | M=300 | base_delta=0.12 | target_fro=0.24 | task=power
[2026-03-08 09:27:10] | event=stage | status=completed | progress=6/21 | seed=42 | model=baseline_ols | stage=power_delta_0.12 | runtime_sec=13.15 | M=300 | base_delta=0.12 | metric_value=0.33666666666666667 | target_fro=0.24 | task=power
[2026-03-08 09:27:10] | event=stage | status=started | progress=6/21 | seed=42 | model=baseline_ols | stage=power_delta_0.16 | M=300 | base_delta=0.16 | target_fro=0.32 | task=power
[2026-03-08 09:27:23] | event=stage | status=completed | progress=7/21 | seed=42 | model=baseline_ols | stage=power_delta_0.16 | runtime_sec=12.60 | M=300 | base_delta=0.16 | metric_value=0.43666666666666665 | target_fro=0.32 | task=power
[2026-03-08 09:34:47] | event=stage | status=completed | progress=8/21 | seed=42 | model=sparse_lasso | stage=type1_M_50 | runtime_sec=533.13 | M=50 | metric_value=0.08 | task=type1_error
[2026-03-08 09:34:47] | event=stage | status=started | progress=8/21 | seed=42 | model=sparse_lasso | stage=type1_M_100 | M=100 | task=type1_error
[2026-03-08 09:39:47] | event=stage | status=completed | progress=9/21 | seed=42 | model=lowrank_svd | stage=type1_M_50 | runtime_sec=833.62 | M=50 | metric_value=0.12 | task=type1_error
[2026-03-08 09:39:47] | event=stage | status=started | progress=9/21 | seed=42 | model=lowrank_svd | stage=type1_M_100 | M=100 | task=type1_error
[2026-03-08 09:51:38] | event=stage | status=completed | progress=10/21 | seed=42 | model=sparse_lasso | stage=type1_M_100 | runtime_sec=1011.31 | M=100 | metric_value=0.03 | task=type1_error
[2026-03-08 09:51:38] | event=stage | status=started | progress=10/21 | seed=42 | model=sparse_lasso | stage=type1_M_300 | M=300 | task=type1_error
[2026-03-08 10:06:11] | event=stage | status=completed | progress=11/21 | seed=42 | model=lowrank_svd | stage=type1_M_100 | runtime_sec=1584.09 | M=100 | metric_value=0.02 | task=type1_error
[2026-03-08 10:06:11] | event=stage | status=started | progress=11/21 | seed=42 | model=lowrank_svd | stage=type1_M_300 | M=300 | task=type1_error
[2026-03-08 10:42:16] | event=stage | status=completed | progress=12/21 | seed=42 | model=sparse_lasso | stage=type1_M_300 | runtime_sec=3037.87 | M=300 | metric_value=0.056666666666666664 | task=type1_error
[2026-03-08 10:42:16] | event=stage | status=started | progress=12/21 | seed=42 | model=sparse_lasso | stage=power_delta_0.04 | M=300 | base_delta=0.04 | target_fro=0.2 | task=power
[2026-03-08 11:25:01] | event=stage | status=completed | progress=13/21 | seed=42 | model=lowrank_svd | stage=type1_M_300 | runtime_sec=4730.12 | M=300 | metric_value=0.05 | task=type1_error
[2026-03-08 11:25:01] | event=stage | status=started | progress=13/21 | seed=42 | model=lowrank_svd | stage=power_delta_0.04 | M=300 | base_delta=0.04 | target_fro=0.4 | task=power
[2026-03-08 11:32:47] | event=stage | status=completed | progress=14/21 | seed=42 | model=sparse_lasso | stage=power_delta_0.04 | runtime_sec=3031.08 | M=300 | base_delta=0.04 | metric_value=0.08 | target_fro=0.2 | task=power
[2026-03-08 11:32:47] | event=stage | status=started | progress=14/21 | seed=42 | model=sparse_lasso | stage=power_delta_0.08 | M=300 | base_delta=0.08 | target_fro=0.4 | task=power
[2026-03-08 12:23:44] | event=stage | status=completed | progress=15/21 | seed=42 | model=sparse_lasso | stage=power_delta_0.08 | runtime_sec=3056.72 | M=300 | base_delta=0.08 | metric_value=0.25 | target_fro=0.4 | task=power
[2026-03-08 12:23:44] | event=stage | status=started | progress=15/21 | seed=42 | model=sparse_lasso | stage=power_delta_0.12 | M=300 | base_delta=0.12 | target_fro=0.6 | task=power
[2026-03-08 12:42:30] | event=stage | status=completed | progress=16/21 | seed=42 | model=lowrank_svd | stage=power_delta_0.04 | runtime_sec=4648.46 | M=300 | base_delta=0.04 | metric_value=0.15333333333333332 | target_fro=0.4 | task=power
[2026-03-08 12:42:30] | event=stage | status=started | progress=16/21 | seed=42 | model=lowrank_svd | stage=power_delta_0.08 | M=300 | base_delta=0.08 | target_fro=0.8 | task=power
